<?xml version="1.0" encoding="UTF-8"?>
<!-- Generated by org.testng.reporters.JUnitReportReporter -->
<testsuite skipped="8" hostname="LAPTOP-NCMTQCEJ" name="testCases.HomePageTestCases" tests="9" failures="0" timestamp="2022-05-13T22:19:19 EDT" time="13.445" errors="0">
  <testcase name="verifyAllLinksInHomePage" time="13.445" classname="testCases.HomePageTestCases"/>
  <system-out/>
  <testcase name="verifyTotalNumberOfDashboardItems" classname="testCases.HomePageTestCases">
    <skipped/>
  </testcase> <!-- verifyTotalNumberOfDashboardItems -->
  <system-out/>
  <testcase name="verifyConfirmPasswordChangeForUser" classname="testCases.HomePageTestCases">
    <skipped/>
  </testcase> <!-- verifyConfirmPasswordChangeForUser -->
  <system-out/>
  <testcase name="verifyManagePagesMoreInfoLink" classname="testCases.HomePageTestCases">
    <skipped/>
  </testcase> <!-- verifyManagePagesMoreInfoLink -->
  <system-out/>
  <testcase name="verifyUserLogout" classname="testCases.HomePageTestCases">
    <skipped/>
  </testcase> <!-- verifyUserLogout -->
  <system-out/>
  <testcase name="verifyBrokenLinksInHomePage" classname="testCases.HomePageTestCases">
    <skipped/>
  </testcase> <!-- verifyBrokenLinksInHomePage -->
  <system-out/>
  <testcase name="verifySessionLogout" classname="testCases.HomePageTestCases">
    <skipped/>
  </testcase> <!-- verifySessionLogout -->
  <system-out/>
  <testcase name="verifyTotalNoOfLinksInFooter" classname="testCases.HomePageTestCases">
    <skipped/>
  </testcase> <!-- verifyTotalNoOfLinksInFooter -->
  <system-out/>
  <testcase name="verifyLoginUserNameTC" classname="testCases.HomePageTestCases">
    <skipped/>
  </testcase> <!-- verifyLoginUserNameTC -->
  <system-out/>
</testsuite> <!-- testCases.HomePageTestCases -->
