<?xml version="1.0" encoding="UTF-8"?>
<!-- Generated by org.testng.reporters.JUnitReportReporter -->
<testsuite skipped="0" hostname="LAPTOP-NCMTQCEJ" name="testCases.ManageOrdersTestCases" tests="1" failures="0" timestamp="2022-05-13T13:30:49 EDT" time="11.071" errors="0">
  <testcase name="verifyAdditionOnViewTable" time="11.071" classname="testCases.ManageOrdersTestCases"/>
  <system-out/>
</testsuite> <!-- testCases.ManageOrdersTestCases -->
