<?xml version="1.0" encoding="UTF-8"?>
<!-- Generated by org.testng.reporters.JUnitReportReporter -->
<testsuite skipped="2" hostname="LAPTOP-NCMTQCEJ" name="testCases.ManageExpensesTestCases" tests="3" failures="0" timestamp="2022-05-13T22:19:19 EDT" time="9.060" errors="0">
  <testcase name="verifyDuplicationOfExpenseCategory" time="9.060" classname="testCases.ManageExpensesTestCases"/>
  <system-out/>
  <testcase name="verifyAddNewExpense" classname="testCases.ManageExpensesTestCases">
    <skipped/>
  </testcase> <!-- verifyAddNewExpense -->
  <system-out/>
  <testcase name="verifyCalenderDateSelection" classname="testCases.ManageExpensesTestCases">
    <skipped/>
  </testcase> <!-- verifyCalenderDateSelection -->
  <system-out/>
</testsuite> <!-- testCases.ManageExpensesTestCases -->
