<?xml version="1.0" encoding="UTF-8"?>
<!-- Generated by org.testng.reporters.JUnitReportReporter -->
<testsuite skipped="2" hostname="LAPTOP-NCMTQCEJ" name="testCases.CategoryTestCases" tests="3" failures="0" timestamp="2022-05-09T19:28:21 EDT" time="9.739" errors="0">
  <testcase name="verifySelectedItemMovesOnClick" time="9.739" classname="testCases.CategoryTestCases"/>
  <system-out/>
  <testcase name="verifyDeleteIconColor" classname="testCases.CategoryTestCases">
    <skipped/>
  </testcase> <!-- verifyDeleteIconColor -->
  <system-out/>
  <testcase name="verifyEditIconBkClr" classname="testCases.CategoryTestCases">
    <skipped/>
  </testcase> <!-- verifyEditIconBkClr -->
  <system-out/>
</testsuite> <!-- testCases.CategoryTestCases -->
