<?xml version="1.0" encoding="UTF-8"?>
<!-- Generated by org.testng.reporters.JUnitReportReporter -->
<testsuite skipped="0" hostname="LAPTOP-NCMTQCEJ" name="testCases.PaymentMethodTestCases" tests="1" failures="0" timestamp="2022-05-06T10:52:05 IST" time="10.138" errors="0">
  <testcase name="verifyPaymentLimitsOfUPI" time="10.138" classname="testCases.PaymentMethodTestCases"/>
  <system-out/>
</testsuite> <!-- testCases.PaymentMethodTestCases -->
