<?xml version="1.0" encoding="UTF-8"?>
<!-- Generated by org.testng.reporters.JUnitReportReporter -->
<testsuite skipped="5" hostname="LAPTOP-NCMTQCEJ" name="testCases.ListsProductTestCases" tests="6" failures="0" timestamp="2022-05-13T22:19:19 EDT" time="9.847" errors="0">
  <testcase name="isNonVegRadiobtnClicked" time="9.847" classname="testCases.ListsProductTestCases"/>
  <system-out/>
  <testcase name="verifySearchProductWithUniqueId" classname="testCases.ListsProductTestCases">
    <skipped/>
  </testcase> <!-- verifySearchProductWithUniqueId -->
  <system-out/>
  <testcase name="verifySelectingCategoryDropDown" classname="testCases.ListsProductTestCases">
    <skipped/>
  </testcase> <!-- verifySelectingCategoryDropDown -->
  <system-out/>
  <testcase name="verifyDeleteFromTable" classname="testCases.ListsProductTestCases">
    <skipped/>
  </testcase> <!-- verifyDeleteFromTable -->
  <system-out/>
  <testcase name="verifyStatusChangeOnClick" classname="testCases.ListsProductTestCases">
    <skipped/>
  </testcase> <!-- verifyStatusChangeOnClick -->
  <system-out/>
  <testcase name="verifyEditAndUpdateFromTable" classname="testCases.ListsProductTestCases">
    <skipped/>
  </testcase> <!-- verifyEditAndUpdateFromTable -->
  <system-out/>
</testsuite> <!-- testCases.ListsProductTestCases -->
