<?xml version="1.0" encoding="UTF-8"?>
<!-- Generated by org.testng.reporters.JUnitReportReporter -->
<testsuite skipped="0" hostname="LAPTOP-NCMTQCEJ" name="testCases.ListsSliderTestCases" tests="3" failures="0" timestamp="2022-05-06T10:54:49 IST" time="29.468" errors="0">
  <testcase name="verifyAddNewSlider" time="10.428" classname="testCases.ListsSliderTestCases"/>
  <system-out/>
  <testcase name="verifyAllColNames" time="9.054" classname="testCases.ListsSliderTestCases"/>
  <system-out/>
  <testcase name="verifyTagNameForChooseFile" time="9.986" classname="testCases.ListsSliderTestCases"/>
  <system-out/>
</testsuite> <!-- testCases.ListsSliderTestCases -->
