<?xml version="1.0" encoding="UTF-8"?>
<!-- Generated by org.testng.reporters.JUnitReportReporter -->
<testsuite skipped="3" hostname="LAPTOP-NCMTQCEJ" name="testCases.LoginPageTestCases" tests="4" failures="0" timestamp="2022-05-13T13:30:49 EDT" time="10.447" errors="0">
  <testcase name="verifyInvalidUser" time="10.447" classname="testCases.LoginPageTestCases"/>
  <system-out/>
  <testcase name="verifyDisplayNameLoginBtn" classname="testCases.LoginPageTestCases">
    <skipped/>
  </testcase> <!-- verifyDisplayNameLoginBtn -->
  <system-out/>
  <testcase name="verifyLoginButtonText" classname="testCases.LoginPageTestCases">
    <skipped/>
  </testcase> <!-- verifyLoginButtonText -->
  <system-out/>
  <testcase name="isRememberMeOptionSelected" classname="testCases.LoginPageTestCases">
    <skipped/>
  </testcase> <!-- isRememberMeOptionSelected -->
  <system-out/>
</testsuite> <!-- testCases.LoginPageTestCases -->
